app/build/intermediates/manifest_merge_blame_file/debug/manifest-merger-blame-debug-report.txt
1<?xml version="1.0" encoding="utf-8"?>
2<manifest xmlns:android="http://schemas.android.com/apk/res/android"
3    package="polar.com.androidblesdk"
4    android:versionCode="1"
5    android:versionName="1.0" >
6
7    <uses-sdk
8        android:minSdkVersion="21"
8-->src\main\AndroidManifest.xml
9        android:targetSdkVersion="28" />
9-->src\main\AndroidManifest.xml
10
11    <uses-permission android:name="android.permission.BLUETOOTH" />
11-->src\main\AndroidManifest.xml:5:5-68
11-->src\main\AndroidManifest.xml:5:22-65
12    <uses-permission android:name="android.permission.BLUETOOTH_ADMIN" />
12-->src\main\AndroidManifest.xml:6:5-74
12-->src\main\AndroidManifest.xml:6:22-71
13    <uses-permission android:name="android.permission.ACCESS_COARSE_LOCATION" />
13-->src\main\AndroidManifest.xml:7:5-81
13-->src\main\AndroidManifest.xml:7:22-78
14    <uses-permission android:name="android.permission.CAMERA" />
14-->src\main\AndroidManifest.xml:8:5-64
14-->src\main\AndroidManifest.xml:8:22-62
15    <uses-permission android:name="android.permission.RECORD_AUDIO" />
15-->src\main\AndroidManifest.xml:9:5-70
15-->src\main\AndroidManifest.xml:9:22-68
16    <uses-permission android:name="android.permission.WRITE_EXTERNAL_STORAGE" />
16-->src\main\AndroidManifest.xml:10:5-80
16-->src\main\AndroidManifest.xml:10:22-78
17    <uses-permission android:name="android.permission.READ_EXTERNAL_STORAGE" />
17-->src\main\AndroidManifest.xml:11:5-80
17-->src\main\AndroidManifest.xml:11:22-77
18    <uses-permission android:name="android.permission.INTERNET" />
18-->[polar-ble-sdk.aar] AndroidManifest.xml:12:5-67
18-->[polar-ble-sdk.aar] AndroidManifest.xml:12:22-64
19    <uses-permission android:name="android.permission.ACCESS_FINE_LOCATION" />
19-->[polar-ble-sdk.aar] AndroidManifest.xml:15:5-79
19-->[polar-ble-sdk.aar] AndroidManifest.xml:15:22-76
20
21    <application
21-->src\main\AndroidManifest.xml:13:5-31:19
22        android:allowBackup="true"
22-->src\main\AndroidManifest.xml:14:9-35
23        android:appComponentFactory="androidx.core.app.CoreComponentFactory"
23-->[androidx.core:core:1.1.0] AndroidManifest.xml:24:18-86
24        android:debuggable="true"
25        android:icon="@mipmap/ic_launcher"
25-->src\main\AndroidManifest.xml:15:9-43
26        android:label="@string/app_name"
26-->src\main\AndroidManifest.xml:16:9-41
27        android:roundIcon="@mipmap/ic_launcher_round"
27-->src\main\AndroidManifest.xml:17:9-54
28        android:supportsRtl="true"
28-->src\main\AndroidManifest.xml:18:9-35
29        android:testOnly="true"
30        android:theme="@style/AppTheme" >
30-->src\main\AndroidManifest.xml:19:9-40
31        <activity android:name="polar.com.androidblesdk.MainActivity" >
31-->src\main\AndroidManifest.xml:20:9-26:20
31-->src\main\AndroidManifest.xml:20:19-47
32            <intent-filter>
32-->src\main\AndroidManifest.xml:21:13-25:29
33                <action android:name="android.intent.action.MAIN" />
33-->src\main\AndroidManifest.xml:22:17-69
33-->src\main\AndroidManifest.xml:22:25-66
34
35                <category android:name="android.intent.category.LAUNCHER" />
35-->src\main\AndroidManifest.xml:24:17-77
35-->src\main\AndroidManifest.xml:24:27-74
36            </intent-filter>
37        </activity>
38        <activity android:name="polar.com.androidblesdk.VideoListerActivity" />
38-->src\main\AndroidManifest.xml:27:9-66
38-->src\main\AndroidManifest.xml:27:19-54
39        <activity
39-->src\main\AndroidManifest.xml:28:9-30:63
40            android:name="polar.com.androidblesdk.vplayerActivity"
40-->src\main\AndroidManifest.xml:29:13-44
41            android:screenOrientation="fullSensor" />
41-->src\main\AndroidManifest.xml:30:13-51
42    </application>
43
44</manifest>